#! /usr/bin/vvp
:ivl_version "12.0 (stable)";
:ivl_delay_selection "TYPICAL";
:vpi_time_precision + 0;
:vpi_module "/usr/lib/x86_64-linux-gnu/ivl/system.vpi";
:vpi_module "/usr/lib/x86_64-linux-gnu/ivl/vhdl_sys.vpi";
:vpi_module "/usr/lib/x86_64-linux-gnu/ivl/vhdl_textio.vpi";
:vpi_module "/usr/lib/x86_64-linux-gnu/ivl/v2005_math.vpi";
:vpi_module "/usr/lib/x86_64-linux-gnu/ivl/va_math.vpi";
:vpi_module "/usr/lib/x86_64-linux-gnu/ivl/v2009.vpi";
S_0x61f804526510 .scope package, "$unit" "$unit" 2 1;
 .timescale 0 0;
S_0x61f8045266a0 .scope module, "fixed_array" "fixed_array" 3 1;
 .timescale 0 0;
v0x61f804572bf0 .array/2s "myArray", 5 0, 31 0;
v0x61f804572cd0 .array/2s "myFIFO", 7 0, 31 0;
S_0x61f80454f850 .scope begin, "$ivl_foreach0" "$ivl_foreach0" 3 18, 3 18 0, S_0x61f8045266a0;
 .timescale 0 0;
v0x61f804528400_0 .var/2s "i", 31 0;
S_0x61f804572610 .scope begin, "$ivl_foreach1" "$ivl_foreach1" 3 27, 3 27 0, S_0x61f8045266a0;
 .timescale 0 0;
v0x61f804572af0_0 .var/2s "i", 31 0;
S_0x61f804572810 .scope begin, "$ivl_foreach2" "$ivl_foreach2" 3 28, 3 28 0, S_0x61f804572610;
 .timescale 0 0;
v0x61f8045729f0_0 .var/2s "j", 31 0;
    .scope S_0x61f8045266a0;
T_0 ;
    %pushi/vec4 4207856382, 0, 32;
    %ix/load 4, 5, 0;
    %flag_set/imm 4, 0;
    %store/vec4a v0x61f804572cd0, 4, 0;
    %pushi/vec4 7, 0, 32;
    %ix/load 4, 4, 0;
    %flag_set/imm 4, 0;
    %store/vec4a v0x61f804572bf0, 4, 0;
    %fork t_1, S_0x61f80454f850;
    %jmp t_0;
    .scope S_0x61f80454f850;
t_1 ;
    %pushi/vec4 0, 0, 32;
    %store/vec4 v0x61f804528400_0, 0, 32;
T_0.0 ;
    %load/vec4 v0x61f804528400_0;
    %cmpi/s 7, 0, 32;
    %flag_or 5, 4;
    %jmp/0xz T_0.1, 5;
    %vpi_call/w 3 19 "$display", "myFIFO[%0d] = 0x%0h", v0x61f804528400_0, &A<v0x61f804572cd0, v0x61f804528400_0 > {0 0 0};
    ; show_stmt_assign_vector: Get l-value for compressed += operand
    %load/vec4 v0x61f804528400_0;
    %pushi/vec4 1, 0, 32;
    %add;
    %cast2;
    %store/vec4 v0x61f804528400_0, 0, 32;
    %jmp T_0.0;
T_0.1 ;
    %end;
    .scope S_0x61f8045266a0;
t_0 %join;
    %fork t_3, S_0x61f804572610;
    %jmp t_2;
    .scope S_0x61f804572610;
t_3 ;
    %pushi/vec4 0, 0, 32;
    %store/vec4 v0x61f804572af0_0, 0, 32;
T_0.2 ;
    %load/vec4 v0x61f804572af0_0;
    %cmpi/s 1, 0, 32;
    %flag_or 5, 4;
    %jmp/0xz T_0.3, 5;
    %fork t_5, S_0x61f804572810;
    %jmp t_4;
    .scope S_0x61f804572810;
t_5 ;
    %pushi/vec4 0, 0, 32;
    %store/vec4 v0x61f8045729f0_0, 0, 32;
T_0.4 ;
    %load/vec4 v0x61f8045729f0_0;
    %cmpi/s 2, 0, 32;
    %flag_or 5, 4;
    %jmp/0xz T_0.5, 5;
    %load/vec4 v0x61f804572af0_0;
    %pad/s 34;
    %pad/s 36;
    %muli 3, 0, 36;
    %pad/s 37;
    %load/vec4 v0x61f8045729f0_0;
    %pad/s 37;
    %add;
    %ix/vec4/s 4;
    %load/vec4a v0x61f804572bf0, 4;
    %vpi_call/w 3 29 "$display", "myArray[%0d][%0d] = %0d", v0x61f804572af0_0, v0x61f8045729f0_0, S<0,vec4,s32> {1 0 0};
    ; show_stmt_assign_vector: Get l-value for compressed += operand
    %load/vec4 v0x61f8045729f0_0;
    %pushi/vec4 1, 0, 32;
    %add;
    %cast2;
    %store/vec4 v0x61f8045729f0_0, 0, 32;
    %jmp T_0.4;
T_0.5 ;
    %end;
    .scope S_0x61f804572610;
t_4 %join;
    ; show_stmt_assign_vector: Get l-value for compressed += operand
    %load/vec4 v0x61f804572af0_0;
    %pushi/vec4 1, 0, 32;
    %add;
    %cast2;
    %store/vec4 v0x61f804572af0_0, 0, 32;
    %jmp T_0.2;
T_0.3 ;
    %end;
    .scope S_0x61f8045266a0;
t_2 %join;
    %end;
    .thread T_0;
# The file index is used to find the file name in the following table.
:file_names 4;
    "N/A";
    "<interactive>";
    "-";
    "fixed_array.sv";
