FSM 1 : VALID TRANSITION GRAPH

000 : STATE IS REACHABLE FROM OUTSIDE.

   OUTGOING TRANSITIONS:
      000
      001

   INCOMING TRANSITIONS:
      000
      100


001 : FSM STATE NOT REACHABLE FROM OUTSIDE.

   OUTGOING TRANSITIONS:
      010
      011
      100

   INCOMING TRANSITIONS:
      000
      100


010 : FSM STATE NOT REACHABLE FROM OUTSIDE.

   OUTGOING TRANSITIONS:
      100

   INCOMING TRANSITIONS:
      001


011 : FSM STATE NOT REACHABLE FROM OUTSIDE.

   OUTGOING TRANSITIONS:
      100

   INCOMING TRANSITIONS:
      001


100 : FSM STATE NOT REACHABLE FROM OUTSIDE.

   OUTGOING TRANSITIONS:
      000
      001

   INCOMING TRANSITIONS:
      001
      010
      011


